<?xml version="1.0" encoding="UTF-8"?>
<!-- Generated by org.testng.reporters.JUnitXMLReporter -->
<testsuite hostname="KNS006-PC" name="Default test" tests="3" failures="0" timestamp="22 Oct 2012 10:13:57 GMT" time="4.466" errors="0">
  <testcase name="createTrip" time="0.01" classname="com.tripcaddie.backend.trip.tripController.TripControllerTest"/>
  <testcase name="testGetTrip" time="0.0010" classname="com.tripcaddie.backend.trip.tripController.TripControllerTest"/>
  <testcase name="testGetTrips" time="0.184" classname="com.tripcaddie.backend.trip.tripController.TripControllerTest"/>
</testsuite> <!-- Default test -->
