<?xml version="1.0" encoding="UTF-8"?>
<testng-results skipped="0" failed="0" total="3" passed="3">
  <reporter-output>
  </reporter-output>
  <suite name="Default suite" duration-ms="4466" started-at="2012-10-22T10:13:53Z" finished-at="2012-10-22T10:13:57Z">
    <groups>
    </groups>
    <test name="Default test" duration-ms="4466" started-at="2012-10-22T10:13:53Z" finished-at="2012-10-22T10:13:57Z">
      <class name="com.tripcaddie.backend.trip.tripController.TripControllerTest">
        <test-method status="PASS" signature="setUp()[pri:0, instance:com.tripcaddie.backend.trip.tripController.TripControllerTest@303bc257]" name="setUp" is-config="true" duration-ms="4258" started-at="2012-10-22T15:43:53Z" finished-at="2012-10-22T15:43:57Z">
          <reporter-output>
          </reporter-output>
        </test-method> <!-- setUp -->
        <test-method status="PASS" signature="createTrip()[pri:0, instance:com.tripcaddie.backend.trip.tripController.TripControllerTest@303bc257]" name="createTrip" duration-ms="10" started-at="2012-10-22T15:43:57Z" finished-at="2012-10-22T15:43:57Z">
          <reporter-output>
          </reporter-output>
        </test-method> <!-- createTrip -->
        <test-method status="PASS" signature="testGetTrip()[pri:0, instance:com.tripcaddie.backend.trip.tripController.TripControllerTest@303bc257]" name="testGetTrip" duration-ms="1" started-at="2012-10-22T15:43:57Z" finished-at="2012-10-22T15:43:57Z">
          <reporter-output>
          </reporter-output>
        </test-method> <!-- testGetTrip -->
        <test-method status="PASS" signature="testGetTrips()[pri:0, instance:com.tripcaddie.backend.trip.tripController.TripControllerTest@303bc257]" name="testGetTrips" duration-ms="184" started-at="2012-10-22T15:43:57Z" finished-at="2012-10-22T15:43:57Z">
          <reporter-output>
          </reporter-output>
        </test-method> <!-- testGetTrips -->
      </class> <!-- com.tripcaddie.backend.trip.tripController.TripControllerTest -->
    </test> <!-- Default test -->
  </suite> <!-- Default suite -->
</testng-results>
